

*******************************************************************************
Sun Aug 14 21:43:46 2016


FIT:    data read from "saida_vetor.txt"
        format = z
        #datapoints = 20
        residuals are weighted equally (unit weight)

function used for fitting: f(x)
fitted parameters initialized with current variable values



 Iteration 0
 WSSR        : 2.87e+17          delta(WSSR)/WSSR   : 0
 delta(WSSR) : 0                 limit for stopping : 1e-05
 lambda	  : 1.3149e+09

initial set of free parameter values

a               = 1
b               = 1
c               = 1

After 3568 iterations the fit converged.
final sum of squares of residuals : 0.0115517
rel. change during last iteration : -7.81526e-07

degrees of freedom    (FIT_NDF)                        : 17
rms of residuals      (FIT_STDFIT) = sqrt(WSSR/ndf)    : 0.0260675
variance of residuals (reduced chisquare) = WSSR/ndf   : 0.000679513

Final set of parameters            Asymptotic Standard Error
=======================            ==========================

a               = 9.77405e-09      +/- 1.871e-08    (191.4%)
b               = 0.943794         +/- 0.09781      (10.36%)
c               = -0.0126677       +/- 0.03005      (237.3%)


correlation matrix of the fit parameters:

               a      b      c      
a               1.000 
b              -1.000  1.000 
c              -0.915  0.909  1.000 
